{
  "RSpec": {
    "coverage": {
      "/Users/brian/Documents/clio-in-out-stub/app/models/user.rb": [
        1,
        null,
        null,
        null,
        1,
        null,
        null,
        1,
        1,
        null,
        1,
        null,
        null,
        1,
        null,
        2,
        null,
        1,
        null,
        1,
        null,
        1,
        3,
        null,
        null,
        1,
        null,
        6,
        1,
        null,
        1,
        null,
        6,
        null,
        null,
        1,
        65,
        64,
        null,
        1,
        null,
        null,
        null,
        1,
        2,
        null,
        null,
        1,
        null,
        null,
        null,
        1,
        70,
        null,
        null,
        1,
        2,
        3,
        3,
        2,
        2,
        2,
        null,
        null,
        2,
        2,
        2,
        1,
        1,
        null,
        1,
        null,
        2,
        null,
        null,
        null,
        null
      ],
      "/Users/brian/Documents/clio-in-out-stub/app/controllers/application_controller.rb": [
        1,
        null,
        1,
        null,
        null
      ],
      "/Users/brian/Documents/clio-in-out-stub/app/helpers/application_helper.rb": [
        1,
        null,
        1,
        null,
        null,
        1,
        null,
        null,
        null
      ],
      "/Users/brian/Documents/clio-in-out-stub/app/helpers/memberships_helper.rb": [
        1,
        null
      ],
      "/Users/brian/Documents/clio-in-out-stub/app/helpers/teams_helper.rb": [
        1,
        null,
        null
      ],
      "/Users/brian/Documents/clio-in-out-stub/app/controllers/teams_controller.rb": [
        1,
        null,
        null,
        1,
        null,
        1,
        1,
        null,
        1,
        1,
        1,
        null,
        null,
        null,
        null,
        null,
        1,
        2,
        null,
        2,
        2,
        2,
        null,
        null,
        null,
        null,
        null,
        1,
        1,
        null,
        1,
        1,
        1,
        null,
        null,
        null,
        null,
        1,
        3,
        3,
        3,
        null,
        null,
        null,
        null,
        1,
        4,
        null,
        4,
        4,
        4,
        2,
        null,
        4,
        2,
        null,
        null,
        null,
        null,
        null,
        null,
        1,
        4,
        null,
        4,
        4,
        6,
        3,
        null,
        2,
        1,
        null,
        null,
        null,
        null,
        null,
        null,
        1,
        2,
        2,
        2,
        2,
        null,
        2,
        4,
        2,
        null,
        null,
        null,
        null
      ],
      "/Users/brian/Documents/clio-in-out-stub/app/models/team.rb": [
        1,
        1,
        1,
        1,
        1,
        1,
        null,
        1,
        null
      ],
      "/Users/brian/Documents/clio-in-out-stub/app/controllers/users_controller.rb": [
        1,
        null,
        1,
        null,
        1,
        1,
        null,
        1,
        1,
        1,
        null,
        null,
        null,
        1,
        1,
        1,
        1,
        null,
        null,
        null,
        1,
        2,
        null,
        null,
        1,
        1,
        null,
        null,
        1,
        4,
        null,
        4,
        4,
        4,
        null,
        4,
        4,
        6,
        3,
        null,
        2,
        1,
        null,
        null,
        null,
        null,
        1,
        2,
        null,
        2,
        4,
        2,
        null,
        null,
        null,
        1,
        2,
        2,
        null,
        2,
        4,
        2,
        null,
        null,
        null,
        null
      ],
      "/Users/brian/Documents/clio-in-out-stub/app/models/membership.rb": [
        1,
        1,
        1,
        1,
        1,
        null,
        1,
        3,
        null
      ]
    },
    "timestamp": 1410246843
  }
}
